<?xml version="1.0" encoding="UTF-8"?>
<!-- Generated by org.testng.reporters.JUnitReportReporter -->
<testsuite hostname="yesmadam-Vostro-3581" failures="0" tests="2" name="webSitePages.TestCases" time="9.719" errors="0" timestamp="2023-01-11T18:26:49 IST" skipped="0">
  <testcase classname="webSitePages.TestCases" name="navigate_to_SetUrLocation" time="0.972"/>
  <system-out/>
  <testcase classname="webSitePages.TestCases" name="enter_userAddress" time="8.747"/>
  <system-out/>
</testsuite> <!-- webSitePages.TestCases -->
