<?xml version="1.0" encoding="UTF-8"?>
<!-- Generated by org.testng.reporters.JUnitReportReporter -->
<testsuite hostname="yesmadam-Vostro-3581" failures="0" tests="6" name="sample.WebMainPageTC" time="44.739" errors="0" timestamp="2022-12-28T19:24:19 IST" skipped="0">
  <testcase classname="sample.WebMainPageTC" name="AddToCartButtonClicked" time="1.945"/>
  <system-out/>
  <testcase classname="sample.WebMainPageTC" name="navigate_to_homepage_click_on_SetUrLocation" time="1.071"/>
  <system-out/>
  <testcase classname="sample.WebMainPageTC" name="enter_userAddress" time="8.215"/>
  <system-out/>
  <testcase classname="sample.WebMainPageTC" name="PlusButtonVerify" time="8.700"/>
  <system-out/>
  <testcase classname="sample.WebMainPageTC" name="MainCatSalonAtHome" time="18.842"/>
  <system-out/>
  <testcase classname="sample.WebMainPageTC" name="BestSellersVerify" time="5.966"/>
  <system-out/>
</testsuite> <!-- sample.WebMainPageTC -->
