<?xml version="1.0" encoding="UTF-8"?>
<!-- Generated by org.testng.reporters.JUnitReportReporter -->
<testsuite hostname="DEWANSHU_PC" failures="0" tests="1" name="sample.NestedIfExample" time="6.767" errors="0" timestamp="2023-01-15T04:00:47 IST" skipped="0">
  <testcase classname="sample.NestedIfExample" name="testNestedIfExample" time="6.767"/>
  <system-out/>
</testsuite> <!-- sample.NestedIfExample -->
