<?xml version="1.0" encoding="UTF-8"?>
<!-- Generated by org.testng.reporters.JUnitReportReporter -->
<testsuite hostname="yesmadam-Vostro-3581" failures="0" tests="8" name="sample.mainPageTC" time="39.182" errors="0" timestamp="2022-12-31T18:54:05 IST" skipped="0">
  <testcase classname="sample.mainPageTC" name="enter_userAddress" time="7.704"/>
  <system-out/>
  <testcase classname="sample.mainPageTC" name="navigate_to_SetUrLocation" time="0.388"/>
  <system-out/>
  <testcase classname="sample.mainPageTC" name="scrollDown" time="6.488"/>
  <system-out/>
  <testcase classname="sample.mainPageTC" name="scrollUp" time="5.678"/>
  <system-out/>
  <testcase classname="sample.mainPageTC" name="lostOfAllMainCats" time="0.593"/>
  <system-out/>
  <testcase classname="sample.mainPageTC" name="SalonAtHome" time="7.632"/>
  <system-out/>
  <testcase classname="sample.mainPageTC" name="BesSellerClick" time="7.779"/>
  <system-out/>
  <testcase classname="sample.mainPageTC" name="CircleSubCats" time="2.920"/>
  <system-out/>
</testsuite> <!-- sample.mainPageTC -->
