<?xml version="1.0" encoding="UTF-8"?>
<!-- Generated by org.testng.reporters.JUnitReportReporter -->
<testsuite hostname="yesmadam-Vostro-3581" failures="0" tests="7" name="TestCases.TestCases" time="48.205" errors="0" timestamp="2023-01-13T19:17:15 IST" skipped="0">
  <testcase classname="TestCases.TestCases" name="enter_userAddress" time="8.811"/>
  <system-out/>
  <testcase classname="TestCases.TestCases" name="navigate_to_SetUrLocation" time="1.214"/>
  <system-out/>
  <testcase classname="TestCases.TestCases" name="HomeScreenVerify" time="2.020"/>
  <system-out/>
  <testcase classname="TestCases.TestCases" name="HomeScreenMainCatVerify" time="11.967"/>
  <system-out/>
  <testcase classname="TestCases.TestCases" name="SubCatsVerify" time="10.386"/>
  <system-out/>
  <testcase classname="TestCases.TestCases" name="CircleSubCatsVerify" time="5.035"/>
  <system-out/>
  <testcase classname="TestCases.TestCases" name="AllAddToCartButtonClickedVerify" time="8.772"/>
  <system-out/>
</testsuite> <!-- TestCases.TestCases -->
