<?xml version="1.0" encoding="UTF-8"?>
<!-- Generated by org.testng.reporters.JUnitReportReporter -->
<testsuite hostname="DEWANSHU_PC" failures="0" tests="1" name="GoogleSample.Google" time="116.934" errors="0" timestamp="2022-12-17T21:34:51 IST" skipped="0">
  <testcase classname="GoogleSample.Google" name="googleTest" time="116.934"/>
  <system-out/>
</testsuite> <!-- GoogleSample.Google -->
