<?xml version="1.0" encoding="UTF-8"?>
<!-- Generated by org.testng.reporters.JUnitReportReporter -->
<testsuite hostname="yesmadam-Vostro-3581" failures="0" tests="1" name="webMobile.Sample" time="10.243" errors="0" timestamp="2022-12-17T11:53:28 IST" skipped="0">
  <testcase classname="webMobile.Sample" name="Google" time="10.243"/>
  <system-out/>
</testsuite> <!-- webMobile.Sample -->
