<?xml version="1.0" encoding="UTF-8"?>
<!-- Generated by org.testng.reporters.JUnitReportReporter -->
<testsuite hostname="yesmadam-Vostro-3581" failures="0" tests="8" name="sample.WebMainPageTC" time="14.004" errors="1" timestamp="2023-01-17T12:20:43 IST" skipped="4">
  <testcase classname="sample.WebMainPageTC" name="TotalCostVerify" time="0.000">
    <skipped/>
  </testcase> <!-- TotalCostVerify -->
  <system-out/>
  <testcase classname="sample.WebMainPageTC" name="navigate_to_homepage_click_on_SetUrLocation" time="1.604"/>
  <system-out/>
  <testcase classname="sample.WebMainPageTC" name="TotalTimeVerify" time="0.000">
    <skipped/>
  </testcase> <!-- TotalTimeVerify -->
  <system-out/>
  <testcase classname="sample.WebMainPageTC" name="AddToCartButtonClicked" time="0.000">
    <skipped/>
  </testcase> <!-- AddToCartButtonClicked -->
  <system-out/>
  <testcase classname="sample.WebMainPageTC" name="enter_userAddress" time="7.174"/>
  <system-out/>
  <testcase classname="sample.WebMainPageTC" name="PlusButtonVerify" time="0.000">
    <skipped/>
  </testcase> <!-- PlusButtonVerify -->
  <system-out/>
  <testcase classname="sample.WebMainPageTC" name="MainCatSalonAtHome" time="5.127"/>
  <system-out/>
  <testcase classname="sample.WebMainPageTC" name="BestSellersVerify" time="0.099">
    <error message="An unknown server-side error occurred while processing the command. Original error: disconnected: unable to connect to renderer
  (failed to check if window was closed: disconnected: unable to connect to renderer)
  (Session info: chrome=109.0.5414.85)
Build info: version: &#039;4.5.0&#039;, revision: &#039;fe167b119a&#039;
System info: os.name: &#039;Linux&#039;, os.arch: &#039;amd64&#039;, os.version: &#039;5.15.0-57-generic&#039;, java.version: &#039;17.0.5&#039;
Driver info: io.appium.java_client.android.AndroidDriver
Command: [27407354-4268-4b2c-b9e0-de5578e01555, findElement {using=xpath, value=(//div[@class=&#039;subcat_img&#039;])[1]}]
Capabilities {appium:appActivity: com.google.android.apps.chr..., appium:appPackage: com.android.chrome, appium:automationName: UIAutomator2, appium:chromedriverExecutable: /home/yesmadam/Desktop/Driv..., appium:databaseEnabled: false, appium:desired: {automationName: UIAutomator2, browserName: Chrome, chromedriverExecutable: /home/yesmadam/Desktop/Driv..., deviceName: samsung, platformName: android}, appium:deviceApiLevel: 29, appium:deviceManufacturer: samsung, appium:deviceModel: SM-M013F, appium:deviceName: RZ8N91BBE2L, appium:deviceScreenDensity: 320, appium:deviceScreenSize: 720x1480, appium:deviceUDID: RZ8N91BBE2L, appium:javascriptEnabled: true, appium:locationContextEnabled: false, appium:networkConnectionEnabled: true, appium:pixelRatio: 2, appium:platformVersion: 10, appium:statBarHeight: 48, appium:takesScreenshot: true, appium:viewportRect: {height: 1336, left: 0, top: 48, width: 720}, appium:warnings: {}, appium:webStorageEnabled: false, browserName: Chrome, platformName: ANDROID}
Session ID: 27407354-4268-4b2c-b9e0-de5578e01555" type="org.openqa.selenium.WebDriverException">
      <![CDATA[org.openqa.selenium.WebDriverException: An unknown server-side error occurred while processing the command. Original error: disconnected: unable to connect to renderer
  (failed to check if window was closed: disconnected: unable to connect to renderer)
  (Session info: chrome=109.0.5414.85)
Build info: version: '4.5.0', revision: 'fe167b119a'
System info: os.name: 'Linux', os.arch: 'amd64', os.version: '5.15.0-57-generic', java.version: '17.0.5'
Driver info: io.appium.java_client.android.AndroidDriver
Command: [27407354-4268-4b2c-b9e0-de5578e01555, findElement {using=xpath, value=(//div[@class='subcat_img'])[1]}]
Capabilities {appium:appActivity: com.google.android.apps.chr..., appium:appPackage: com.android.chrome, appium:automationName: UIAutomator2, appium:chromedriverExecutable: /home/yesmadam/Desktop/Driv..., appium:databaseEnabled: false, appium:desired: {automationName: UIAutomator2, browserName: Chrome, chromedriverExecutable: /home/yesmadam/Desktop/Driv..., deviceName: samsung, platformName: android}, appium:deviceApiLevel: 29, appium:deviceManufacturer: samsung, appium:deviceModel: SM-M013F, appium:deviceName: RZ8N91BBE2L, appium:deviceScreenDensity: 320, appium:deviceScreenSize: 720x1480, appium:deviceUDID: RZ8N91BBE2L, appium:javascriptEnabled: true, appium:locationContextEnabled: false, appium:networkConnectionEnabled: true, appium:pixelRatio: 2, appium:platformVersion: 10, appium:statBarHeight: 48, appium:takesScreenshot: true, appium:viewportRect: {height: 1336, left: 0, top: 48, width: 720}, appium:warnings: {}, appium:webStorageEnabled: false, browserName: Chrome, platformName: ANDROID}
Session ID: 27407354-4268-4b2c-b9e0-de5578e01555
at java.base/jdk.internal.reflect.NativeConstructorAccessorImpl.newInstance0(Native Method)
at java.base/jdk.internal.reflect.NativeConstructorAccessorImpl.newInstance(NativeConstructorAccessorImpl.java:77)
at java.base/jdk.internal.reflect.DelegatingConstructorAccessorImpl.newInstance(DelegatingConstructorAccessorImpl.java:45)
at java.base/java.lang.reflect.Constructor.newInstanceWithCaller(Constructor.java:499)
at java.base/java.lang.reflect.Constructor.newInstance(Constructor.java:480)
at org.openqa.selenium.remote.codec.w3c.W3CHttpResponseCodec.createException(W3CHttpResponseCodec.java:200)
at org.openqa.selenium.remote.codec.w3c.W3CHttpResponseCodec.decode(W3CHttpResponseCodec.java:133)
at org.openqa.selenium.remote.codec.w3c.W3CHttpResponseCodec.decode(W3CHttpResponseCodec.java:53)
at org.openqa.selenium.remote.HttpCommandExecutor.execute(HttpCommandExecutor.java:184)
at io.appium.java_client.remote.AppiumCommandExecutor.execute(AppiumCommandExecutor.java:189)
at org.openqa.selenium.remote.RemoteWebDriver.execute(RemoteWebDriver.java:547)
at org.openqa.selenium.remote.ElementLocation$ElementFinder$2.findElement(ElementLocation.java:162)
at org.openqa.selenium.remote.ElementLocation.findElement(ElementLocation.java:60)
at org.openqa.selenium.remote.RemoteWebDriver.findElement(RemoteWebDriver.java:365)
at org.openqa.selenium.remote.RemoteWebDriver.findElement(RemoteWebDriver.java:357)
at org.openqa.selenium.support.pagefactory.DefaultElementLocator.findElement(DefaultElementLocator.java:70)
at org.openqa.selenium.support.pagefactory.internal.LocatingElementHandler.invoke(LocatingElementHandler.java:39)
at jdk.proxy2/jdk.proxy2.$Proxy14.click(Unknown Source)
at sample.webMainPage.BestSellersVerify(webMainPage.java:135)
at sample.WebMainPageTC.BestSellersVerify(WebMainPageTC.java:34)
at java.base/jdk.internal.reflect.NativeMethodAccessorImpl.invoke0(Native Method)
at java.base/jdk.internal.reflect.NativeMethodAccessorImpl.invoke(NativeMethodAccessorImpl.java:77)
at java.base/jdk.internal.reflect.DelegatingMethodAccessorImpl.invoke(DelegatingMethodAccessorImpl.java:43)
at java.base/java.lang.reflect.Method.invoke(Method.java:568)
at org.testng.internal.invokers.MethodInvocationHelper.invokeMethod(MethodInvocationHelper.java:139)
at org.testng.internal.invokers.TestInvoker.invokeMethod(TestInvoker.java:677)
at org.testng.internal.invokers.TestInvoker.invokeTestMethod(TestInvoker.java:221)
at org.testng.internal.invokers.MethodRunner.runInSequence(MethodRunner.java:50)
at org.testng.internal.invokers.TestInvoker$MethodInvocationAgent.invoke(TestInvoker.java:962)
at org.testng.internal.invokers.TestInvoker.invokeTestMethods(TestInvoker.java:194)
at org.testng.internal.invokers.TestMethodWorker.invokeTestMethods(TestMethodWorker.java:148)
at org.testng.internal.invokers.TestMethodWorker.run(TestMethodWorker.java:128)
at java.base/java.util.ArrayList.forEach(ArrayList.java:1511)
at org.testng.TestRunner.privateRun(TestRunner.java:806)
at org.testng.TestRunner.run(TestRunner.java:601)
at org.testng.SuiteRunner.runTest(SuiteRunner.java:433)
at org.testng.SuiteRunner.runSequentially(SuiteRunner.java:427)
at org.testng.SuiteRunner.privateRun(SuiteRunner.java:387)
at org.testng.SuiteRunner.run(SuiteRunner.java:330)
at org.testng.SuiteRunnerWorker.runSuite(SuiteRunnerWorker.java:52)
at org.testng.SuiteRunnerWorker.run(SuiteRunnerWorker.java:95)
at org.testng.TestNG.runSuitesSequentially(TestNG.java:1256)
at org.testng.TestNG.runSuitesLocally(TestNG.java:1176)
at org.testng.TestNG.runSuites(TestNG.java:1099)
at org.testng.TestNG.run(TestNG.java:1067)
at org.testng.remote.AbstractRemoteTestNG.run(AbstractRemoteTestNG.java:115)
at org.testng.remote.RemoteTestNG.initAndRun(RemoteTestNG.java:251)
at org.testng.remote.RemoteTestNG.main(RemoteTestNG.java:77)
]]>
    </error>
  </testcase> <!-- BestSellersVerify -->
  <system-out/>
</testsuite> <!-- sample.WebMainPageTC -->
