<?xml version="1.0" encoding="UTF-8"?>
<!-- Generated by org.testng.reporters.JUnitReportReporter -->
<testsuite hostname="yesmadam-Vostro-3581" failures="0" tests="2" name="sample.mainPageTC$WebMainPageTC" time="6.983" errors="0" timestamp="2022-12-31T15:33:01 IST" skipped="0">
  <testcase classname="sample.mainPageTC$WebMainPageTC" name="enter_userAddress" time="6.303"/>
  <system-out/>
  <testcase classname="sample.mainPageTC$WebMainPageTC" name="navigate_to_homepage_click_on_SetUrLocation" time="0.680"/>
  <system-out/>
</testsuite> <!-- sample.mainPageTC$WebMainPageTC -->
