<?xml version="1.0" encoding="UTF-8"?>
<!-- Generated by org.testng.reporters.JUnitReportReporter -->
<testsuite hostname="DEWANSHU_PC" failures="0" tests="1" name="sample.IfExampleSelenium" time="6.088" errors="0" timestamp="2023-01-15T03:41:03 IST" skipped="0">
  <testcase classname="sample.IfExampleSelenium" name="testPageTitle" time="6.088"/>
  <system-out/>
</testsuite> <!-- sample.IfExampleSelenium -->
