<?xml version="1.0" encoding="UTF-8"?>
<!-- Generated by org.testng.reporters.JUnitReportReporter -->
<testsuite hostname="yesmadam-Vostro-3581" failures="0" tests="1" name="GoogleSample.mobBrowserTest" time="25.566" errors="0" timestamp="2022-12-17T13:54:50 IST" skipped="0">
  <testcase classname="GoogleSample.mobBrowserTest" name="webBrowserlaunch" time="25.566"/>
  <system-out/>
</testsuite> <!-- GoogleSample.mobBrowserTest -->
