<?xml version="1.0" encoding="UTF-8"?>
<!-- Generated by org.testng.reporters.JUnitReportReporter -->
<testsuite hostname="yesmadam-Vostro-3581" failures="0" tests="9" name="TestCases.TestCases" time="48.951" errors="0" timestamp="2023-01-21T10:33:55 IST" skipped="0">
  <testcase classname="TestCases.TestCases" name="enter_userAddress" time="6.619"/>
  <system-out/>
  <testcase classname="TestCases.TestCases" name="MainScreenTextVerification" time="1.143"/>
  <system-out/>
  <testcase classname="TestCases.TestCases" name="navigate_to_SetUrLocation" time="0.376"/>
  <system-out/>
  <testcase classname="TestCases.TestCases" name="HomeScreenVerify" time="12.241"/>
  <system-out/>
  <testcase classname="TestCases.TestCases" name="SubCatsVerify" time="5.542"/>
  <system-out/>
  <testcase classname="TestCases.TestCases" name="CircleSubCatsVerify" time="12.284"/>
  <system-out/>
  <testcase classname="TestCases.TestCases" name="ServiceSubHeadingVerify" time="1.639"/>
  <system-out/>
  <testcase classname="TestCases.TestCases" name="AllProductDetailsVerify" time="8.394"/>
  <system-out/>
  <testcase classname="TestCases.TestCases" name="AddToCartButtonClicked" time="0.713"/>
  <system-out/>
</testsuite> <!-- TestCases.TestCases -->
