<?xml version="1.0" encoding="UTF-8"?>
<!-- Generated by org.testng.reporters.JUnitReportReporter -->
<testsuite hostname="yesmadam-Vostro-3581" failures="0" tests="2" name="sample.mainPageTest$WebMainPageTC" time="6.928" errors="0" timestamp="2022-12-31T15:24:00 IST" skipped="0">
  <testcase classname="sample.mainPageTest$WebMainPageTC" name="enter_userAddress" time="6.334"/>
  <system-out/>
  <testcase classname="sample.mainPageTest$WebMainPageTC" name="navigate_to_homepage_click_on_SetUrLocation" time="0.594"/>
  <system-out/>
</testsuite> <!-- sample.mainPageTest$WebMainPageTC -->
