<?xml version="1.0" encoding="UTF-8"?>
<!-- Generated by org.testng.reporters.JUnitReportReporter -->
<testsuite hostname="yesmadam-Vostro-3581" failures="0" tests="7" name="TestCases.TestCases" time="56.602" errors="0" timestamp="2023-01-13T20:15:26 IST" skipped="0">
  <testcase classname="TestCases.TestCases" name="enter_userAddress" time="8.522"/>
  <system-out/>
  <testcase classname="TestCases.TestCases" name="navigate_to_SetUrLocation" time="0.882"/>
  <system-out/>
  <testcase classname="TestCases.TestCases" name="HomeScreenVerify" time="0.971"/>
  <system-out/>
  <testcase classname="TestCases.TestCases" name="HomeScreenMainCatVerify" time="16.167"/>
  <system-out/>
  <testcase classname="TestCases.TestCases" name="SubCatsVerify" time="15.090"/>
  <system-out/>
  <testcase classname="TestCases.TestCases" name="CircleSubCatsVerify" time="2.632"/>
  <system-out/>
  <testcase classname="TestCases.TestCases" name="AllAddToCartButtonClickedVerify" time="12.338"/>
  <system-out/>
</testsuite> <!-- TestCases.TestCases -->
