<?xml version="1.0" encoding="UTF-8"?>
<!-- Generated by org.testng.reporters.JUnitReportReporter -->
<testsuite hostname="yesmadam-Vostro-3581" failures="0" tests="1" name="webSitePages.LocationScreen" time="12.131" errors="0" timestamp="2023-01-16T13:22:52 IST" skipped="0">
  <testcase classname="webSitePages.LocationScreen" name="setUp" time="12.131"/>
  <system-out/>
</testsuite> <!-- webSitePages.LocationScreen -->
