<?xml version="1.0" encoding="UTF-8"?>
<!-- Generated by org.testng.reporters.JUnitReportReporter -->
<testsuite hostname="yesmadam-Vostro-3581" failures="0" tests="2" name="sample.TestCases" time="9.132" errors="0" timestamp="2023-01-11T17:05:40 IST" skipped="0">
  <testcase classname="sample.TestCases" name="enter_userAddress" time="7.730"/>
  <system-out/>
  <testcase classname="sample.TestCases" name="navigate_to_SetUrLocation" time="1.402"/>
  <system-out/>
</testsuite> <!-- sample.TestCases -->
