<?xml version="1.0" encoding="UTF-8"?>
<!-- Generated by org.testng.reporters.JUnitReportReporter -->
<testsuite hostname="yesmadam-Vostro-3581" failures="0" tests="8" name="sample.WebMainPageTC" time="58.550" errors="0" timestamp="2022-12-31T15:26:20 IST" skipped="0">
  <testcase classname="sample.WebMainPageTC" name="AddToCartButtonClicked" time="2.028"/>
  <system-out/>
  <testcase classname="sample.WebMainPageTC" name="PlusButtonVerify" time="0.785"/>
  <system-out/>
  <testcase classname="sample.WebMainPageTC" name="enter_userAddress" time="6.405"/>
  <system-out/>
  <testcase classname="sample.WebMainPageTC" name="TotalTimeVerify" time="0.969"/>
  <system-out/>
  <testcase classname="sample.WebMainPageTC" name="TotalCostVerify" time="0.424"/>
  <system-out/>
  <testcase classname="sample.WebMainPageTC" name="navigate_to_homepage_click_on_SetUrLocation" time="0.659"/>
  <system-out/>
  <testcase classname="sample.WebMainPageTC" name="MainCatSalonAtHome" time="32.518"/>
  <system-out/>
  <testcase classname="sample.WebMainPageTC" name="BestSellersVerify" time="14.762"/>
  <system-out/>
</testsuite> <!-- sample.WebMainPageTC -->
