<?xml version="1.0" encoding="UTF-8"?>
<!-- Generated by org.testng.reporters.JUnitReportReporter -->
<testsuite hostname="yesmadam-Vostro-3581" failures="0" tests="2" name="webSite.TestCases" time="9.645" errors="0" timestamp="2023-01-11T17:12:07 IST" skipped="0">
  <testcase classname="webSite.TestCases" name="navigate_to_SetUrLocation" time="0.890"/>
  <system-out/>
  <testcase classname="webSite.TestCases" name="enter_userAddress" time="8.755"/>
  <system-out/>
</testsuite> <!-- webSite.TestCases -->
