<?xml version="1.0" encoding="UTF-8"?>
<!-- Generated by org.testng.reporters.JUnitReportReporter -->
<testsuite hostname="yesmadam-Vostro-3581" failures="0" tests="7" name="TestCases.TestCases" time="50.088" errors="0" timestamp="2023-01-13T18:16:21 IST" skipped="0">
  <testcase classname="TestCases.TestCases" name="enter_userAddress" time="7.172"/>
  <system-out/>
  <testcase classname="TestCases.TestCases" name="navigate_to_SetUrLocation" time="1.638"/>
  <system-out/>
  <testcase classname="TestCases.TestCases" name="HomeScreenVerify" time="1.102"/>
  <system-out/>
  <testcase classname="TestCases.TestCases" name="HomeScreenMainCatVerify" time="13.921"/>
  <system-out/>
  <testcase classname="TestCases.TestCases" name="SubCatsVerify" time="12.956"/>
  <system-out/>
  <testcase classname="TestCases.TestCases" name="CircleSubCatsVerify" time="2.598"/>
  <system-out/>
  <testcase classname="TestCases.TestCases" name="AllAddToCartButtonClickedVerify" time="10.701"/>
  <system-out/>
</testsuite> <!-- TestCases.TestCases -->
